<?xml version="1.0" encoding="UTF-8"?>
<!-- Generated by org.testng.reporters.JUnitReportReporter -->
<testsuite hostname="LAPTOP-FEL8502J" failures="0" tests="1" name="scripts.Login_test" time="3.658" errors="0" timestamp="2024-12-08T17:44:13 IST" skipped="0">
  <testcase classname="scripts.Login_test" name="navi" time="3.658"/>
  <system-out/>
</testsuite> <!-- scripts.Login_test -->
