<?xml version="1.0" encoding="UTF-8"?>
<!-- Generated by org.testng.reporters.JUnitReportReporter -->
<testsuite hostname="LAPTOP-FEL8502J" failures="0" tests="1" name="scripts.Login_test" time="6.355" errors="0" timestamp="2024-11-23T11:57:16 IST" skipped="0">
  <testcase classname="scripts.Login_test" name="navi" time="6.355"/>
  <system-out/>
</testsuite> <!-- scripts.Login_test -->
